<?xml version="1.0" encoding="UTF-8"?>
<testsuite xmlns:xsi="http://www.w3.org/2001/XMLSchema-instance" xsi:noNamespaceSchemaLocation="https://maven.apache.org/surefire/maven-surefire-plugin/xsd/surefire-test-report-3.0.xsd" version="3.0" name="com.picpay.simplificado.SimplificadoApplicationTests" time="0.91" tests="1" errors="0" skipped="0" failures="0">
  <properties>
[...]
</properties>
  <testcase name="contextLoads" classname="com.picpay.simplificado.SimplificadoApplicationTests" time="0.003">
    <system-out><![CDATA[2024-04-25T15:19:18.914-03:00  INFO 14264 --- [simplificado] [           main] t.c.s.AnnotationConfigContextLoaderUtils : Could not detect default configuration classes for test class [com.picpay.simplificado.SimplificadoApplicationTests]: SimplificadoApplicationTests does not declare any static, non-private, non-final, nested classes annotated with @Configuration.
2024-04-25T15:19:18.922-03:00  INFO 14264 --- [simplificado] [           main] .b.t.c.SpringBootTestContextBootstrapper : Found @SpringBootConfiguration com.picpay.simplificado.SimplificadoApplication for test class com.picpay.simplificado.SimplificadoApplicationTests

  .   ____          _            __ _ _
 /\\ / ___'_ __ _ _(_)_ __  __ _ \ \ \ \
( ( )\___ | '_ | '_| | '_ \/ _` | \ \ \ \
 \\/  ___)| |_)| | | | | || (_| |  ) ) ) )
  '  |____| .__|_| |_|_| |_\__, | / / / /
 =========|_|==============|___/=/_/_/_/
 :: Spring Boot ::                (v3.2.4)

2024-04-25T15:19:18.949-03:00  INFO 14264 --- [simplificado] [           main] c.p.s.SimplificadoApplicationTests       : Starting SimplificadoApplicationTests using Java 17.0.9 with PID 14264 (started by Felipe in C:\Users\Felipe\Downloads\simplificado)
2024-04-25T15:19:18.949-03:00  INFO 14264 --- [simplificado] [           main] c.p.s.SimplificadoApplicationTests       : The following 1 profile is active: "test"
2024-04-25T15:19:19.147-03:00  INFO 14264 --- [simplificado] [           main] .s.d.r.c.RepositoryConfigurationDelegate : Bootstrapping Spring Data JPA repositories in DEFAULT mode.
2024-04-25T15:19:19.158-03:00  INFO 14264 --- [simplificado] [           main] .s.d.r.c.RepositoryConfigurationDelegate : Finished Spring Data repository scanning in 10 ms. Found 2 JPA repository interfaces.
2024-04-25T15:19:19.314-03:00  INFO 14264 --- [simplificado] [           main] com.zaxxer.hikari.HikariDataSource       : HikariPool-1 - Starting...
2024-04-25T15:19:19.329-03:00  INFO 14264 --- [simplificado] [           main] com.zaxxer.hikari.pool.HikariPool        : HikariPool-1 - Added connection conn12: url=jdbc:h2:mem:testdb user=SA
2024-04-25T15:19:19.332-03:00  INFO 14264 --- [simplificado] [           main] com.zaxxer.hikari.HikariDataSource       : HikariPool-1 - Start completed.
2024-04-25T15:19:19.346-03:00  INFO 14264 --- [simplificado] [           main] o.hibernate.jpa.internal.util.LogHelper  : HHH000204: Processing PersistenceUnitInfo [name: default]
2024-04-25T15:19:19.350-03:00  INFO 14264 --- [simplificado] [           main] o.h.c.internal.RegionFactoryInitiator    : HHH000026: Second-level cache disabled
2024-04-25T15:19:19.356-03:00  INFO 14264 --- [simplificado] [           main] o.s.o.j.p.SpringPersistenceUnitInfo      : No LoadTimeWeaver setup: ignoring JPA class transformer
2024-04-25T15:19:19.358-03:00  WARN 14264 --- [simplificado] [           main] org.hibernate.orm.deprecation            : HHH90000025: H2Dialect does not need to be specified explicitly using 'hibernate.dialect' (remove the property setting and it will be selected by default)
2024-04-25T15:19:19.416-03:00  INFO 14264 --- [simplificado] [           main] o.h.e.t.j.p.i.JtaPlatformInitiator       : HHH000489: No JTA platform available (set 'hibernate.transaction.jta.platform' to enable JTA platform integration)
Hibernate: 
    drop table if exists transferencia cascade 
Hibernate: 
    drop table if exists users cascade 
Hibernate: 
    create table transferencia (
        amount numeric(38,2),
        id bigint generated by default as identity,
        receiver_id bigint,
        sender_id bigint,
        timestamp timestamp(6) with time zone,
        primary key (id)
    )
Hibernate: 
    create table users (
        balance numeric(38,2),
        id bigint generated by default as identity,
        document varchar(255) unique,
        email varchar(255) unique,
        fullname varchar(255),
        password varchar(255),
        user_role varchar(255) check (user_role in ('COMMON','MERCHANT')),
        primary key (id)
    )
Hibernate: 
    alter table if exists transferencia 
       add constraint FKp4tgj9sm8aachkpxsv6dxk1yj 
       foreign key (receiver_id) 
       references users
Hibernate: 
    alter table if exists transferencia 
       add constraint FKstcp8dixcjaqk6rqagugm2vrp 
       foreign key (sender_id) 
       references users
Hibernate: INSERT INTO USERS(fullname, document, email, password, balance, user_role) VALUES('Felipe Sandes', '542.733.082-36', 'felipe@gmail.com', 'felipe123', 1000, 'COMMON')
Hibernate: INSERT INTO USERS(fullname, document, email, password, balance, user_role) VALUES('John Frusciante', '342.733.082-36', 'john@gmail.com', 'john123', 1000, 'COMMON')
Hibernate: INSERT INTO USERS(fullname, document, email, password, balance, user_role) VALUES('Amazon', '34.733.082/3654', 'amazon@gmail.com', 'amazon123', 10000, 'MERCHANT')
2024-04-25T15:19:19.428-03:00  INFO 14264 --- [simplificado] [           main] j.LocalContainerEntityManagerFactoryBean : Initialized JPA EntityManagerFactory for persistence unit 'default'
2024-04-25T15:19:19.660-03:00  WARN 14264 --- [simplificado] [           main] JpaBaseConfiguration$JpaWebConfiguration : spring.jpa.open-in-view is enabled by default. Therefore, database queries may be performed during view rendering. Explicitly configure spring.jpa.open-in-view to disable this warning
2024-04-25T15:19:19.783-03:00  INFO 14264 --- [simplificado] [           main] o.s.b.a.h2.H2ConsoleAutoConfiguration    : H2 console available at '/h2-console'. Database available at 'jdbc:h2:mem:testdb'
2024-04-25T15:19:19.819-03:00  INFO 14264 --- [simplificado] [           main] c.p.s.SimplificadoApplicationTests       : Started SimplificadoApplicationTests in 0.892 seconds (process running for 8.653)
]]></system-out>
  </testcase>
</testsuite>